Using pre-set license

 COMMAND LINE ARGUMENTS:
/Applications/Unity/Unity.app/Contents/MacOS/Unity
-adb2
-batchMode
-noUpm
-name
AssetImportWorker1
-projectPath
/Users/santiperezperez/BitsXMarato
-logFile
Logs/AssetImportWorker1.log
-srvPort
49560
Successfully changed project path to: /Users/santiperezperez/BitsXMarato
/Users/santiperezperez/BitsXMarato
Using Asset Import Pipeline V2.
Refreshing native plugins compatible for Editor in 127.76 ms, found 2 plugins.
Preloading 0 native plugins for Editor in 0.00 ms.
Initialize engine version: 2020.3.11f1 (99c7afb366b3)
[Subsystems] Discovering subsystems at path /Applications/Unity/Unity.app/Contents/Resources/UnitySubsystems
[Subsystems] Discovering subsystems at path /Users/santiperezperez/BitsXMarato/Assets
GfxDevice: creating device client; threaded=0
2022-12-18 11:59:46.251 Unity[3442:149091] Color LCD preferred device: Intel(R) Iris(TM) Plus Graphics (low power)
2022-12-18 11:59:46.251 Unity[3442:149091] Metal devices available: 1
2022-12-18 11:59:46.251 Unity[3442:149091] 0: Intel(R) Iris(TM) Plus Graphics (low power)
2022-12-18 11:59:46.252 Unity[3442:149091] Using device Intel(R) Iris(TM) Plus Graphics (low power)
Initializing Metal device caps: Intel(R) Iris(TM) Plus Graphics
Initialize mono
Mono path[0] = '/Applications/Unity/Unity.app/Contents/Managed'
Mono path[1] = '/Applications/Unity/Unity.app/Contents/MonoBleedingEdge/lib/mono/unityjit'
Mono config path = '/Applications/Unity/Unity.app/Contents/MonoBleedingEdge/etc'
Using monoOptions --debugger-agent=transport=dt_socket,embedding=1,server=y,suspend=n,address=127.0.0.1:56442
Begin MonoManager ReloadAssembly
Error scanning for extension ivy.xml files: System.UnauthorizedAccessException: Access to the path '/Applications/Unity/PlaybackEngines/WebGLSupport/BuildTools/Emscripten_Mac/node' is denied.
  at System.IO.__Error.WinIOError (System.Int32 errorCode, System.String maybeFullPath) [0x00129] in <695d1cc93cca45069c528c15c9fdd749>:0 
  at System.IO.FileSystemEnumerableIterator`1[TSource].HandleError (System.Int32 hr, System.String path) [0x00006] in <695d1cc93cca45069c528c15c9fdd749>:0 
  at System.IO.FileSystemEnumerableIterator`1[TSource].AddSearchableDirsToStack (System.IO.Directory+SearchData localSearchData) [0x00053] in <695d1cc93cca45069c528c15c9fdd749>:0 
  at System.IO.FileSystemEnumerableIterator`1[TSource].MoveNext () [0x0008e] in <695d1cc93cca45069c528c15c9fdd749>:0 
  at System.Collections.Generic.List`1[T]..ctor (System.Collections.Generic.IEnumerable`1[T] collection) [0x00077] in <695d1cc93cca45069c528c15c9fdd749>:0 
  at System.IO.Directory.InternalGetFileDirectoryNames (System.String path, System.String userPathOriginal, System.String searchPattern, System.Boolean includeFiles, System.Boolean includeDirs, System.IO.SearchOption searchOption, System.Boolean checkHost) [0x0000f] in <695d1cc93cca45069c528c15c9fdd749>:0 
  at System.IO.Directory.InternalGetFiles (System.String path, System.String searchPattern, System.IO.SearchOption searchOption) [0x00000] in <695d1cc93cca45069c528c15c9fdd749>:0 
  at System.IO.Directory.GetFiles (System.String path, System.String searchPattern, System.IO.SearchOption searchOption) [0x00038] in <695d1cc93cca45069c528c15c9fdd749>:0 
  at UnityEditor.Modules.ModuleManager.LoadLegacyExtensionsFromIvyFiles () [0x000a5] in /Users/bokken/buildslave/unity/build/Editor/Mono/Modules/ModuleManager.cs:253 
Registering precompiled unity dll's ...
Register platform support module: /Applications/Unity/PlaybackEngines/WebGLSupport/UnityEditor.WebGL.Extensions.dll
Register platform support module: /Applications/Unity/Unity.app/Contents/PlaybackEngines/MacStandaloneSupport/UnityEditor.OSXStandalone.Extensions.dll
Registered in 0.005830 seconds.
Native extension for OSXStandalone target not found
Native extension for WebGL target not found
Refreshing native plugins compatible for Editor in 95.19 ms, found 2 plugins.
Preloading 0 native plugins for Editor in 0.00 ms.
Mono: successfully reloaded assembly
- Completed reload, in  5.310 seconds
Platform modules already initialized, skipping
Registering precompiled user dll's ...
Registered in 0.011257 seconds.
Begin MonoManager ReloadAssembly
Native extension for OSXStandalone target not found
Native extension for WebGL target not found
Refreshing native plugins compatible for Editor in 1.35 ms, found 2 plugins.
Preloading 0 native plugins for Editor in 0.00 ms.
Mono: successfully reloaded assembly
- Completed reload, in  3.007 seconds
Platform modules already initialized, skipping
========================================================================
Worker process is ready to serve import requests
Launching external process: /Applications/Unity/Unity.app/Contents/Tools/UnityShaderCompiler
Launched and connected shader compiler UnityShaderCompiler after 0.05 seconds
Refreshing native plugins compatible for Editor in 0.63 ms, found 2 plugins.
Preloading 0 native plugins for Editor in 0.00 ms.
Unloading 1391 Unused Serialized files (Serialized files now loaded: 0)
System memory in use before: 137.1 MB.
System memory in use after: 137.1 MB.

Unloading 19 unused Assets to reduce memory usage. Loaded Objects now: 1825.
Total: 3.982943 ms (FindLiveObjects: 0.418784 ms CreateObjectMapping: 0.133913 ms MarkObjects: 3.269487 ms  DeleteObjects: 0.157635 ms)

========================================================================
Received Import Request.
  path: Assets/Script/CameraRotation.cs
  artifactKey: Guid(30318137a32314c2daf5d5cc68b721b5) Importer(815301076,1909f56bfc062723c751e8b465ee728b)
Start importing Assets/Script/CameraRotation.cs using Guid(30318137a32314c2daf5d5cc68b721b5) Importer(815301076,1909f56bfc062723c751e8b465ee728b)  -> (artifact id: 'd953a914a37b822769a85e12a1b40200') in 0.368346 seconds
  Import took 0.373865 seconds .

========================================================================
Received Import Request.
  Time since last request: 18.045080 seconds.
  path: Assets/Imatges/bitxlamarato.png
  artifactKey: Guid(7d486d3d409d44f0e913c2efb2f538a7) Importer(815301076,1909f56bfc062723c751e8b465ee728b)
Start importing Assets/Imatges/bitxlamarato.png using Guid(7d486d3d409d44f0e913c2efb2f538a7) Importer(815301076,1909f56bfc062723c751e8b465ee728b)  -> (artifact id: '524b00e70996bdc0e23b79181b753b33') in 2.191649 seconds
  Import took 2.197747 seconds .

========================================================================
Received Import Request.
  Time since last request: 0.000453 seconds.
  path: Assets/Imatges/Marato-tv3-logo.jpeg
  artifactKey: Guid(3b0d8c2f1e3a54bae96a167175d9373e) Importer(815301076,1909f56bfc062723c751e8b465ee728b)
Start importing Assets/Imatges/Marato-tv3-logo.jpeg using Guid(3b0d8c2f1e3a54bae96a167175d9373e) Importer(815301076,1909f56bfc062723c751e8b465ee728b)  -> (artifact id: '73ff4b303ac72d7d4629660a27a4a4e9') in 1.696203 seconds
  Import took 1.700524 seconds .

========================================================================
Received Import Request.
  Time since last request: 2.626074 seconds.
  path: Assets/Imatges/bitxlamarato.png
  artifactKey: Guid(7d486d3d409d44f0e913c2efb2f538a7) Importer(815301076,1909f56bfc062723c751e8b465ee728b)
Start importing Assets/Imatges/bitxlamarato.png using Guid(7d486d3d409d44f0e913c2efb2f538a7) Importer(815301076,1909f56bfc062723c751e8b465ee728b)  -> (artifact id: 'c08a5718d8bd605919154851dc0376b5') in 0.155344 seconds
  Import took 0.163377 seconds .

========================================================================
Received Import Request.
  Time since last request: 0.003871 seconds.
  path: Assets/Imatges/bitxlamarato.png
  artifactKey: Guid(7d486d3d409d44f0e913c2efb2f538a7) Importer(815301076,1909f56bfc062723c751e8b465ee728b)
Start importing Assets/Imatges/bitxlamarato.png using Guid(7d486d3d409d44f0e913c2efb2f538a7) Importer(815301076,1909f56bfc062723c751e8b465ee728b)  -> (artifact id: 'c08a5718d8bd605919154851dc0376b5') in 0.016807 seconds
  Import took 0.024923 seconds .

========================================================================
Received Import Request.
  Time since last request: 6.502461 seconds.
  path: Assets/Imatges/Marato-tv3-logo.jpeg
  artifactKey: Guid(3b0d8c2f1e3a54bae96a167175d9373e) Importer(815301076,1909f56bfc062723c751e8b465ee728b)
Start importing Assets/Imatges/Marato-tv3-logo.jpeg using Guid(3b0d8c2f1e3a54bae96a167175d9373e) Importer(815301076,1909f56bfc062723c751e8b465ee728b)  -> (artifact id: 'df43ecb4e9b9261af94f3907460a08e1') in 0.060218 seconds
  Import took 0.070849 seconds .

========================================================================
Received Prepare
Registering precompiled user dll's ...
Registered in 0.006414 seconds.
Begin MonoManager ReloadAssembly
Native extension for OSXStandalone target not found
Native extension for WebGL target not found
Refreshing native plugins compatible for Editor in 0.70 ms, found 2 plugins.
Preloading 0 native plugins for Editor in 0.00 ms.
Mono: successfully reloaded assembly
- Completed reload, in  2.402 seconds
Platform modules already initialized, skipping
Refreshing native plugins compatible for Editor in 0.67 ms, found 2 plugins.
Preloading 0 native plugins for Editor in 0.00 ms.
Unloading 1386 Unused Serialized files (Serialized files now loaded: 0)
System memory in use before: 153.4 MB.
System memory in use after: 153.5 MB.

Unloading 14 unused Assets to reduce memory usage. Loaded Objects now: 1837.
Total: 4.187200 ms (FindLiveObjects: 0.320566 ms CreateObjectMapping: 0.119540 ms MarkObjects: 3.641786 ms  DeleteObjects: 0.103341 ms)

========================================================================
Received Prepare
Registering precompiled user dll's ...
Registered in 0.016459 seconds.
Begin MonoManager ReloadAssembly
Native extension for OSXStandalone target not found
Native extension for WebGL target not found
Refreshing native plugins compatible for Editor in 0.64 ms, found 2 plugins.
Preloading 0 native plugins for Editor in 0.00 ms.
Mono: successfully reloaded assembly
- Completed reload, in  2.494 seconds
Platform modules already initialized, skipping
Refreshing native plugins compatible for Editor in 0.65 ms, found 2 plugins.
Preloading 0 native plugins for Editor in 0.00 ms.
Unloading 1386 Unused Serialized files (Serialized files now loaded: 0)
System memory in use before: 153.7 MB.
System memory in use after: 153.8 MB.

Unloading 14 unused Assets to reduce memory usage. Loaded Objects now: 1840.
Total: 3.647783 ms (FindLiveObjects: 0.325566 ms CreateObjectMapping: 0.098418 ms MarkObjects: 3.118229 ms  DeleteObjects: 0.104228 ms)

========================================================================
Received Prepare
Registering precompiled user dll's ...
Registered in 0.002700 seconds.
Begin MonoManager ReloadAssembly
Native extension for OSXStandalone target not found
Native extension for WebGL target not found
Refreshing native plugins compatible for Editor in 0.63 ms, found 2 plugins.
Preloading 0 native plugins for Editor in 0.00 ms.
Mono: successfully reloaded assembly
- Completed reload, in  2.167 seconds
Platform modules already initialized, skipping
Refreshing native plugins compatible for Editor in 0.67 ms, found 2 plugins.
Preloading 0 native plugins for Editor in 0.00 ms.
Unloading 1386 Unused Serialized files (Serialized files now loaded: 0)
System memory in use before: 154.0 MB.
System memory in use after: 154.1 MB.

Unloading 14 unused Assets to reduce memory usage. Loaded Objects now: 1843.
Total: 4.278307 ms (FindLiveObjects: 0.312028 ms CreateObjectMapping: 0.096851 ms MarkObjects: 3.769820 ms  DeleteObjects: 0.097897 ms)

========================================================================
Received Import Request.
  Time since last request: 384.051126 seconds.
  path: Assets/Script/GeneradorDeTerreno.cs
  artifactKey: Guid(030dace749f3046fa84507408dd5c809) Importer(815301076,1909f56bfc062723c751e8b465ee728b)
Start importing Assets/Script/GeneradorDeTerreno.cs using Guid(030dace749f3046fa84507408dd5c809) Importer(815301076,1909f56bfc062723c751e8b465ee728b)  -> (artifact id: '82e650c75d76ac25da9d6d2e1ad4ed30') in 0.012553 seconds
  Import took 0.017349 seconds .

========================================================================
Received Import Request.
  Time since last request: 0.077437 seconds.
  path: Assets/Script/GeneradorDeTerreno.cs
  artifactKey: Guid(030dace749f3046fa84507408dd5c809) Importer(815301076,1909f56bfc062723c751e8b465ee728b)
Start importing Assets/Script/GeneradorDeTerreno.cs using Guid(030dace749f3046fa84507408dd5c809) Importer(815301076,1909f56bfc062723c751e8b465ee728b)  -> (artifact id: '82e650c75d76ac25da9d6d2e1ad4ed30') in 0.002243 seconds
  Import took 0.006164 seconds .

========================================================================
Received Prepare
Registering precompiled user dll's ...
Registered in 0.010269 seconds.
Begin MonoManager ReloadAssembly
Native extension for OSXStandalone target not found
Native extension for WebGL target not found
Refreshing native plugins compatible for Editor in 1.16 ms, found 2 plugins.
Preloading 0 native plugins for Editor in 0.00 ms.
Mono: successfully reloaded assembly
- Completed reload, in  2.721 seconds
Platform modules already initialized, skipping
Refreshing native plugins compatible for Editor in 0.65 ms, found 2 plugins.
Preloading 0 native plugins for Editor in 0.00 ms.
Unloading 1386 Unused Serialized files (Serialized files now loaded: 0)
System memory in use before: 154.3 MB.
System memory in use after: 154.4 MB.

Unloading 14 unused Assets to reduce memory usage. Loaded Objects now: 1846.
Total: 3.426972 ms (FindLiveObjects: 0.330472 ms CreateObjectMapping: 0.112536 ms MarkObjects: 2.881592 ms  DeleteObjects: 0.100246 ms)

========================================================================
Received Import Request.
  Time since last request: 141.385712 seconds.
  path: Assets/Script/GeneradorDeTerreno.cs
  artifactKey: Guid(030dace749f3046fa84507408dd5c809) Importer(815301076,1909f56bfc062723c751e8b465ee728b)
Start importing Assets/Script/GeneradorDeTerreno.cs using Guid(030dace749f3046fa84507408dd5c809) Importer(815301076,1909f56bfc062723c751e8b465ee728b)  -> (artifact id: 'd1c654a0f18b6e415577cd17b85b2060') in 0.006055 seconds
  Import took 0.012173 seconds .

========================================================================
Received Import Request.
  Time since last request: 3.288117 seconds.
  path: Assets/Script/GeneradorDeTerreno.cs
  artifactKey: Guid(030dace749f3046fa84507408dd5c809) Importer(815301076,1909f56bfc062723c751e8b465ee728b)
Start importing Assets/Script/GeneradorDeTerreno.cs using Guid(030dace749f3046fa84507408dd5c809) Importer(815301076,1909f56bfc062723c751e8b465ee728b)  -> (artifact id: 'd1c654a0f18b6e415577cd17b85b2060') in 0.002521 seconds
  Import took 0.006493 seconds .

========================================================================
Received Prepare
Registering precompiled user dll's ...
Registered in 0.008058 seconds.
Begin MonoManager ReloadAssembly
Native extension for OSXStandalone target not found
Native extension for WebGL target not found
Refreshing native plugins compatible for Editor in 0.65 ms, found 2 plugins.
Preloading 0 native plugins for Editor in 0.00 ms.
Mono: successfully reloaded assembly
- Completed reload, in  3.125 seconds
Platform modules already initialized, skipping
Refreshing native plugins compatible for Editor in 0.61 ms, found 2 plugins.
Preloading 0 native plugins for Editor in 0.00 ms.
Unloading 1386 Unused Serialized files (Serialized files now loaded: 0)
System memory in use before: 154.5 MB.
System memory in use after: 154.6 MB.

Unloading 14 unused Assets to reduce memory usage. Loaded Objects now: 1849.
Total: 3.689918 ms (FindLiveObjects: 0.286023 ms CreateObjectMapping: 0.092243 ms MarkObjects: 3.206646 ms  DeleteObjects: 0.103240 ms)

========================================================================
Received Prepare
Registering precompiled user dll's ...
Registered in 0.007061 seconds.
Begin MonoManager ReloadAssembly
Native extension for OSXStandalone target not found
Native extension for WebGL target not found
Refreshing native plugins compatible for Editor in 2.11 ms, found 2 plugins.
Preloading 0 native plugins for Editor in 0.00 ms.
Mono: successfully reloaded assembly
- Completed reload, in  4.380 seconds
Platform modules already initialized, skipping
Refreshing native plugins compatible for Editor in 0.81 ms, found 2 plugins.
Preloading 0 native plugins for Editor in 0.00 ms.
Unloading 1386 Unused Serialized files (Serialized files now loaded: 0)
System memory in use before: 154.8 MB.
System memory in use after: 154.9 MB.

Unloading 14 unused Assets to reduce memory usage. Loaded Objects now: 1852.
Total: 3.714252 ms (FindLiveObjects: 0.395993 ms CreateObjectMapping: 0.115208 ms MarkObjects: 3.100401 ms  DeleteObjects: 0.101058 ms)

